<?xml version="1.0" encoding="UTF-8"?>
<!-- Generated by org.testng.reporters.JUnitReportReporter -->
<testsuite hostname="LAPTOP-1K8IDF5C" failures="0" tests="2" name="selenium.Locatorpractice" time="0.003" errors="0" timestamp="2024-10-22T14:28:38 IST" skipped="0">
  <testcase classname="selenium.Locatorpractice" name="test3" time="0.001"/>
  <testcase classname="selenium.Locatorpractice" name="test2" time="0.002"/>
</testsuite> <!-- selenium.Locatorpractice -->
