<?xml version="1.0" encoding="UTF-8"?>
<!-- Generated by org.testng.reporters.JUnitReportReporter -->
<testsuite hostname="LAPTOP-1K8IDF5C" failures="0" tests="1" name="selenium.practiceclass" time="0.014" errors="0" timestamp="2024-10-22T14:28:38 IST" skipped="0">
  <testcase classname="selenium.practiceclass" name="test2" time="0.014"/>
</testsuite> <!-- selenium.practiceclass -->
